[0m12:14:58.907912 [debug] [MainThread]: Sending event: {'category': 'dbt', 'action': 'invocation', 'label': 'start', 'context': [<snowplow_tracker.self_describing_json.SelfDescribingJson object at 0x00000225E2E7A290>, <snowplow_tracker.self_describing_json.SelfDescribingJson object at 0x00000225E1D31650>, <snowplow_tracker.self_describing_json.SelfDescribingJson object at 0x00000225E295BE10>]}


============================== 12:14:58.907912 | b1a293da-ce84-428f-a826-dbf9c337c77b ==============================
[0m12:14:58.907912 [info ] [MainThread]: Running with dbt=1.7.11
[0m12:14:58.907912 [debug] [MainThread]: running dbt with arguments {'printer_width': '80', 'indirect_selection': 'eager', 'log_cache_events': 'False', 'write_json': 'True', 'partial_parse': 'True', 'cache_selected_only': 'False', 'profiles_dir': 'C:\\Users\\HP\\.dbt', 'version_check': 'True', 'debug': 'False', 'log_path': 'logs', 'fail_fast': 'False', 'warn_error': 'None', 'use_colors': 'True', 'use_experimental_parser': 'False', 'no_print': 'None', 'quiet': 'False', 'warn_error_options': 'WarnErrorOptions(include=[], exclude=[])', 'introspect': 'True', 'log_format': 'default', 'invocation_command': 'dbt init', 'target_path': 'None', 'static_parser': 'True', 'send_anonymous_usage_stats': 'True'}
[0m12:15:23.646037 [debug] [MainThread]: Starter project path: C:\Users\HP\dbt\Lib\site-packages\dbt\include\starter_project
[0m12:15:23.748241 [info ] [MainThread]: 
Your new dbt project "dbt_first1_project" was created!

For more information on how to configure the profiles.yml file,
please consult the dbt documentation here:

  https://docs.getdbt.com/docs/configure-your-profile

One more thing:

Need help? Don't hesitate to reach out to us via GitHub issues or on Slack:

  https://community.getdbt.com/

Happy modeling!

[0m12:15:23.753366 [info ] [MainThread]: Setting up your profile.
[0m12:16:59.174333 [info ] [MainThread]: Profile dbt_first1_project written to C:\Users\HP\.dbt\profiles.yml using target's profile_template.yml and your supplied values. Run 'dbt debug' to validate the connection.
[0m12:16:59.174333 [debug] [MainThread]: Command `dbt init` succeeded at 12:16:59.174333 after 120.32 seconds
[0m12:16:59.174333 [debug] [MainThread]: Sending event: {'category': 'dbt', 'action': 'invocation', 'label': 'end', 'context': [<snowplow_tracker.self_describing_json.SelfDescribingJson object at 0x00000225DC3ACE10>, <snowplow_tracker.self_describing_json.SelfDescribingJson object at 0x00000225DC10F8D0>, <snowplow_tracker.self_describing_json.SelfDescribingJson object at 0x00000225E2ACCE90>]}
[0m12:16:59.174333 [debug] [MainThread]: Flushing usage events
[0m12:18:38.092759 [debug] [MainThread]: Sending event: {'category': 'dbt', 'action': 'invocation', 'label': 'start', 'context': [<snowplow_tracker.self_describing_json.SelfDescribingJson object at 0x000001E9FD7EF9D0>, <snowplow_tracker.self_describing_json.SelfDescribingJson object at 0x000001E983F7FC10>, <snowplow_tracker.self_describing_json.SelfDescribingJson object at 0x000001E984568490>]}


============================== 12:18:38.104357 | 7c48af4a-e6b6-4121-adfc-581c1afd55d9 ==============================
[0m12:18:38.104357 [info ] [MainThread]: Running with dbt=1.7.11
[0m12:18:38.107352 [debug] [MainThread]: running dbt with arguments {'printer_width': '80', 'indirect_selection': 'eager', 'log_cache_events': 'False', 'write_json': 'True', 'partial_parse': 'True', 'cache_selected_only': 'False', 'warn_error': 'None', 'version_check': 'True', 'profiles_dir': 'C:\\Users\\HP\\.dbt', 'log_path': 'logs', 'fail_fast': 'False', 'debug': 'False', 'use_colors': 'True', 'use_experimental_parser': 'False', 'no_print': 'None', 'quiet': 'False', 'log_format': 'default', 'invocation_command': 'dbt debug', 'introspect': 'True', 'static_parser': 'True', 'target_path': 'None', 'warn_error_options': 'WarnErrorOptions(include=[], exclude=[])', 'send_anonymous_usage_stats': 'True'}
[0m12:18:38.111349 [info ] [MainThread]: dbt version: 1.7.11
[0m12:18:38.114052 [info ] [MainThread]: python version: 3.11.5
[0m12:18:38.116369 [info ] [MainThread]: python path: C:\Users\HP\dbt\Scripts\python.exe
[0m12:18:38.119606 [info ] [MainThread]: os info: Windows-10-10.0.19045-SP0
[0m12:18:38.932158 [info ] [MainThread]: Using profiles dir at C:\Users\HP\.dbt
[0m12:18:38.932158 [info ] [MainThread]: Using profiles.yml file at C:\Users\HP\.dbt\profiles.yml
[0m12:18:38.932158 [info ] [MainThread]: Using dbt_project.yml file at C:\Users\HP\Desktop\snow_dbt\dbt_first_project\dbt_project.yml
[0m12:18:38.932158 [info ] [MainThread]: adapter type: snowflake
[0m12:18:38.950482 [info ] [MainThread]: adapter version: 1.7.3
[0m12:18:38.952891 [info ] [MainThread]: Configuration:
[0m12:18:38.955764 [info ] [MainThread]:   profiles.yml file [[32mOK found and valid[0m]
[0m12:18:38.955764 [info ] [MainThread]:   dbt_project.yml file [[31mERROR not found[0m]
[0m12:18:38.955764 [info ] [MainThread]: Required dependencies:
[0m12:18:38.966504 [debug] [MainThread]: Executing "git --help"
[0m12:18:39.083891 [debug] [MainThread]: STDOUT: "b"usage: git [-v | --version] [-h | --help] [-C <path>] [-c <name>=<value>]\n           [--exec-path[=<path>]] [--html-path] [--man-path] [--info-path]\n           [-p | --paginate | -P | --no-pager] [--no-replace-objects] [--bare]\n           [--git-dir=<path>] [--work-tree=<path>] [--namespace=<name>]\n           [--config-env=<name>=<envvar>] <command> [<args>]\n\nThese are common Git commands used in various situations:\n\nstart a working area (see also: git help tutorial)\n   clone     Clone a repository into a new directory\n   init      Create an empty Git repository or reinitialize an existing one\n\nwork on the current change (see also: git help everyday)\n   add       Add file contents to the index\n   mv        Move or rename a file, a directory, or a symlink\n   restore   Restore working tree files\n   rm        Remove files from the working tree and from the index\n\nexamine the history and state (see also: git help revisions)\n   bisect    Use binary search to find the commit that introduced a bug\n   diff      Show changes between commits, commit and working tree, etc\n   grep      Print lines matching a pattern\n   log       Show commit logs\n   show      Show various types of objects\n   status    Show the working tree status\n\ngrow, mark and tweak your common history\n   branch    List, create, or delete branches\n   commit    Record changes to the repository\n   merge     Join two or more development histories together\n   rebase    Reapply commits on top of another base tip\n   reset     Reset current HEAD to the specified state\n   switch    Switch branches\n   tag       Create, list, delete or verify a tag object signed with GPG\n\ncollaborate (see also: git help workflows)\n   fetch     Download objects and refs from another repository\n   pull      Fetch from and integrate with another repository or a local branch\n   push      Update remote refs along with associated objects\n\n'git help -a' and 'git help -g' list available subcommands and some\nconcept guides. See 'git help <command>' or 'git help <concept>'\nto read about a specific subcommand or concept.\nSee 'git help git' for an overview of the system.\n""
[0m12:18:39.099517 [debug] [MainThread]: STDERR: "b''"
[0m12:18:39.099517 [info ] [MainThread]:  - git [[32mOK found[0m]

[0m12:18:39.099517 [info ] [MainThread]: Connection:
[0m12:18:39.099517 [info ] [MainThread]:   account: swrpayc-sb37064
[0m12:18:39.099517 [info ] [MainThread]:   user: amit01
[0m12:18:39.099517 [info ] [MainThread]:   database: Test_dbt
[0m12:18:39.110892 [info ] [MainThread]:   warehouse: COMPUTE_WH
[0m12:18:39.113894 [info ] [MainThread]:   role: ACCOUNTADMIN
[0m12:18:39.120467 [info ] [MainThread]:   schema: dbo
[0m12:18:39.120863 [info ] [MainThread]:   authenticator: None
[0m12:18:39.120863 [info ] [MainThread]:   oauth_client_id: None
[0m12:18:39.120863 [info ] [MainThread]:   query_tag: None
[0m12:18:39.120863 [info ] [MainThread]:   client_session_keep_alive: False
[0m12:18:39.120863 [info ] [MainThread]:   host: None
[0m12:18:39.135886 [info ] [MainThread]:   port: None
[0m12:18:39.137884 [info ] [MainThread]:   proxy_host: None
[0m12:18:39.139431 [info ] [MainThread]:   proxy_port: None
[0m12:18:39.139431 [info ] [MainThread]:   protocol: None
[0m12:18:39.139431 [info ] [MainThread]:   connect_retries: 1
[0m12:18:39.139431 [info ] [MainThread]:   connect_timeout: None
[0m12:18:39.153254 [info ] [MainThread]:   retry_on_database_errors: False
[0m12:18:39.155253 [info ] [MainThread]:   retry_all: False
[0m12:18:39.157059 [info ] [MainThread]:   insecure_mode: False
[0m12:18:39.157059 [info ] [MainThread]:   reuse_connections: None
[0m12:18:39.157059 [info ] [MainThread]: Registered adapter: snowflake=1.7.3
[0m12:18:39.169604 [debug] [MainThread]: Acquiring new snowflake connection 'debug'
[0m12:18:39.172604 [debug] [MainThread]: Using snowflake connection "debug"
[0m12:18:39.173604 [debug] [MainThread]: On debug: select 1 as id
[0m12:18:39.176324 [debug] [MainThread]: Opening a new connection, currently in state init
[0m12:18:41.815927 [debug] [MainThread]: SQL status: SUCCESS 1 in 3.0 seconds
[0m12:18:41.815927 [debug] [MainThread]: On debug: Close
[0m12:18:42.390222 [info ] [MainThread]:   Connection test: [[32mOK connection ok[0m]

[0m12:18:42.393221 [info ] [MainThread]: [31m1 check failed:[0m
[0m12:18:42.396592 [info ] [MainThread]: Project loading failed for the following reason:
 project path <C:\Users\HP\Desktop\snow_dbt\dbt_first_project\dbt_project.yml> not found

[0m12:18:42.408916 [debug] [MainThread]: Command `dbt debug` failed at 12:18:42.408574 after 4.47 seconds
[0m12:18:42.412175 [debug] [MainThread]: Connection 'debug' was properly closed.
[0m12:18:42.419698 [debug] [MainThread]: Sending event: {'category': 'dbt', 'action': 'invocation', 'label': 'end', 'context': [<snowplow_tracker.self_describing_json.SelfDescribingJson object at 0x000001E984537CD0>, <snowplow_tracker.self_describing_json.SelfDescribingJson object at 0x000001E984537D90>, <snowplow_tracker.self_describing_json.SelfDescribingJson object at 0x000001E984537490>]}
[0m12:18:42.422073 [debug] [MainThread]: Flushing usage events
